# logs format

[LOGS] -   [HOUR]   - [COMMAND] - [USERNAME] - [USER ID] - [COMMAND NAME]

--------------------------------------------------------------------------
[LOGS] - [02:09:23] - [COMMAND] - [scarlxrd_zk] - [940965110443302974] - ping 
[LOGS] - [02:22:20] - [COMMAND] - [scarlxrd_zk] - [940965110443302974] - logs-all 
[LOGS] - [02:22:40] - [COMMAND] - [scarlxrd_zk.] - [1279783854089048228] - music-play 
[LOGS] - [02:27:53] - [COMMAND] - [scarlxrd_zk.] - [1279783854089048228] - music-play 
[LOGS] - [02:53:55] - [COMMAND] - [scarlxrd_zk] - [940965110443302974] - channel-info 
[LOGS] - [02:54:04] - [COMMAND] - [scarlxrd_zk] - [940965110443302974] - channel-info 
[LOGS] - [02:54:13] - [COMMAND] - [scarlxrd_zk] - [940965110443302974] - channel-info 
[LOGS] - [03:58:53] - [COMMAND] - [scarlxrd_zk] - [940965110443302974] - ping 
[LOGS] - [11:47:37] - [COMMAND] - [scarlxrd_zk] - [940965110443302974] - music-play 
[LOGS] - [11:49:01] - [COMMAND] - [scarlxrd_zk] - [940965110443302974] - music-play 
[LOGS] - [11:50:08] - [COMMAND] - [scarlxrd_zk] - [940965110443302974] - music-play 
[LOGS] - [11:51:09] - [COMMAND] - [scarlxrd_zk] - [940965110443302974] - music-play 
[LOGS] - [11:59:55] -  [ERROR]  - [scarlxrd_zk] - [940965110443302974] - 404 Not Found (error code: 10011): Unknown Role 
[LOGS] - [11:59:58] -  [ERROR]  - [scarlxrd_zk] - [940965110443302974] - 403 Forbidden (error code: 50013): Missing Permissions 
[LOGS] - [12:09:15] -  [ERROR]  - [scarlxrd_zk] - [940965110443302974] - 404 Not Found (error code: 10011): Unknown Role 
[LOGS] - [12:09:16] -  [ERROR]  - [scarlxrd_zk] - [940965110443302974] - 403 Forbidden (error code: 50013): Missing Permissions 
[LOGS] - [12:10:07] -  [ERROR]  - [scarlxrd_zk] - [940965110443302974] - 404 Not Found (error code: 10011): Unknown Role 
[LOGS] - [16:28:02] - [COMMAND] - [scarlxrd_zk] - [940965110443302974] - ping 
[LOGS] - [16:28:09] - [COMMAND] - [scarlxrd_zk] - [940965110443302974] - ping 
[LOGS] - [17:13:12] - [COMMAND] - [scarlxrd_zk] - [940965110443302974] - all-bots 
[LOGS] - [17:13:32] - [COMMAND] - [scarlxrd_zk] - [940965110443302974] - all-bots 
[LOGS] - [18:18:20] - [COMMAND] - [nxrox99] - [558092130455781387] - embed 
[LOGS] - [18:43:24] - [COMMAND] - [scarlxrd_zk] - [940965110443302974] - kick 
[LOGS] - [15:40:17] - [COMMAND] - [scarlxrd_zk] - [940965110443302974] - ping 
[LOGS] - [15:40:26] - [COMMAND] - [scarlxrd_zk] - [940965110443302974] - ping 
[LOGS] - [21:24:56] - [COMMAND] - [scarlxrd_zk] - [940965110443302974] - logs-all 
[LOGS] - [00:12:20] - [COMMAND] - [scarlxrd_zk] - [940965110443302974] - logs-all 
[LOGS] - [04:25:16] - [COMMAND] - [scarlxrd_zk] - [940965110443302974] - ping 
[LOGS] - [03:29:40] - [COMMAND] - [scarlxrd_zk] - [940965110443302974] - embed 
[LOGS] - [03:29:45] -  [VIEWS]  - [scarlxrd_zk] - [940965110443302974] - select embed edit 
[LOGS] - [03:30:00] -  [VIEWS]  - [scarlxrd_zk] - [940965110443302974] - select embed reset 
[LOGS] - [03:33:32] - [COMMAND] - [scarlxrd_zk] - [940965110443302974] - embed 
[LOGS] - [03:33:36] -  [VIEWS]  - [scarlxrd_zk] - [940965110443302974] - select embed edit 
[LOGS] - [03:33:49] -  [VIEWS]  - [scarlxrd_zk] - [940965110443302974] - select embed reset 
[LOGS] - [10:13:21] - [COMMAND] - [scarlxrd_zk] - [940965110443302974] - ping 
[LOGS] - [11:21:20] - [COMMAND] - [scarlxrd_zk] - [940965110443302974] - ping 
[LOGS] - [19:06:22] - [COMMAND] - [scarlxrd_zk] - [940965110443302974] - kick 
[LOGS] - [17:12:08] -  [VIEWS]  - [scarlxrd_zk] - [940965110443302974] - select embed edit 
[LOGS] - [17:12:20] -  [VIEWS]  - [scarlxrd_zk] - [940965110443302974] - select embed reset 
[LOGS] - [17:36:35] -  [VIEWS]  - [scarlxrd_zk] - [940965110443302974] - select embed edit 
[LOGS] - [17:36:54] -  [VIEWS]  - [scarlxrd_zk] - [940965110443302974] - select embed edit 
[LOGS] - [17:37:08] -  [VIEWS]  - [scarlxrd_zk] - [940965110443302974] - select embed edit 
[LOGS] - [18:00:52] -  [VIEWS]  - [scarlxrd_zk] - [940965110443302974] - select embed edit 
[LOGS] - [18:01:03] -  [VIEWS]  - [scarlxrd_zk] - [940965110443302974] - select embed edit 
[LOGS] - [18:14:09] -  [VIEWS]  - [scarlxrd_zk] - [940965110443302974] - select embed edit 
[LOGS] - [18:41:43] -  [VIEWS]  - [scarlxrd_zk] - [940965110443302974] - select embed edit 
[LOGS] - [18:42:01] -  [VIEWS]  - [scarlxrd_zk] - [940965110443302974] - select embed edit 
[LOGS] - [18:42:25] -  [VIEWS]  - [scarlxrd_zk] - [940965110443302974] - select embed edit 
[LOGS] - [05:27:08] - [COMMAND] - [scarlxrd_zk] - [940965110443302974] - role-add 
[LOGS] - [05:28:32] - [COMMAND] - [scarlxrd_zk] - [940965110443302974] - role-add 
[LOGS] - [05:28:43] - [COMMAND] - [scarlxrd_zk] - [940965110443302974] - role-add 
[LOGS] - [05:28:43] -  [ERROR]  - [scarlxrd_zk] - [940965110443302974] - 403 Forbidden (error code: 50013): Missing Permissions 
[LOGS] - [05:28:48] - [COMMAND] - [scarlxrd_zk] - [940965110443302974] - role-add 
[LOGS] - [05:28:53] - [COMMAND] - [scarlxrd_zk] - [940965110443302974] - role-add 
[LOGS] - [11:56:37] - [COMMAND] - [scarlxrd_zk] - [940965110443302974] - embed 
[LOGS] - [11:56:42] -  [VIEWS]  - [scarlxrd_zk] - [940965110443302974] - select embed edit 
[LOGS] - [11:57:11] -  [VIEWS]  - [scarlxrd_zk] - [940965110443302974] - select embed reset 
[LOGS] - [11:58:40] - [COMMAND] - [scarlxrd_zk] - [940965110443302974] - embed 
[LOGS] - [11:58:43] -  [VIEWS]  - [scarlxrd_zk] - [940965110443302974] - select embed edit 
[LOGS] - [11:58:49] -  [VIEWS]  - [scarlxrd_zk] - [940965110443302974] - select embed reset 
[LOGS] - [22:41:00] -  [VIEWS]  - [0xanarchy_] - [685552160594723015] - select embed edit 
[LOGS] - [22:41:10] -  [VIEWS]  - [0xanarchy_] - [685552160594723015] - select embed edit 
[LOGS] - [21:31:03] -  [VIEWS]  - [0xanarchy_] - [685552160594723015] - select embed edit 
[LOGS] - [21:31:18] -  [VIEWS]  - [0xanarchy_] - [685552160594723015] - select embed edit 
[LOGS] - [21:31:42] -  [VIEWS]  - [0xanarchy_] - [685552160594723015] - select embed edit 
[LOGS] - [21:32:02] -  [VIEWS]  - [0xanarchy_] - [685552160594723015] - select embed edit 
[LOGS] - [23:55:54] -  [VIEWS]  - [0xanarchy_] - [685552160594723015] - select embed edit 
[LOGS] - [23:56:01] -  [VIEWS]  - [0xanarchy_] - [685552160594723015] - select embed edit 
[LOGS] - [23:56:10] -  [VIEWS]  - [0xanarchy_] - [685552160594723015] - select embed edit 
[LOGS] - [11:39:10] -  [VIEWS]  - [0xanarchy_] - [685552160594723015] - select embed edit 
[LOGS] - [20:53:56] -  [VIEWS]  - [0xanarchy_] - [685552160594723015] - select embed edit 
[LOGS] - [20:54:04] -  [VIEWS]  - [0xanarchy_] - [685552160594723015] - select embed edit 
[LOGS] - [20:55:29] -  [VIEWS]  - [0xanarchy_] - [685552160594723015] - select embed edit 
